<?xml version="1.0" encoding="UTF-8"?>
<coverage generated="1706822263241" clover="3.2.0">
  <project timestamp="1706822263242" name="All files">
    <metrics statements="131" coveredstatements="131" conditionals="30" coveredconditionals="30" methods="33" coveredmethods="33" elements="194" coveredelements="194" complexity="0" loc="131" ncloc="131" packages="1" files="4" classes="4"/>
    <file name="dict.js" path="C:\Users\pavel\Desktop\fsm-website\AllenAlgebraWebsite\logic\src\dict.js">
      <metrics statements="15" coveredstatements="15" conditionals="0" coveredconditionals="0" methods="12" coveredmethods="12"/>
      <line num="3" count="389" type="stmt"/>
      <line num="7" count="425" type="stmt"/>
      <line num="8" count="425" type="stmt"/>
      <line num="12" count="467" type="stmt"/>
      <line num="13" count="467" type="stmt"/>
      <line num="17" count="532" type="stmt"/>
      <line num="18" count="532" type="stmt"/>
      <line num="22" count="2" type="stmt"/>
      <line num="23" count="2" type="stmt"/>
      <line num="27" count="236" type="stmt"/>
      <line num="31" count="43" type="stmt"/>
      <line num="35" count="124" type="stmt"/>
      <line num="42" count="2" type="stmt"/>
      <line num="46" count="40" type="stmt"/>
      <line num="50" count="11" type="stmt"/>
    </file>
    <file name="fsm.js" path="C:\Users\pavel\Desktop\fsm-website\AllenAlgebraWebsite\logic\src\fsm.js">
      <metrics statements="96" coveredstatements="96" conditionals="24" coveredconditionals="24" methods="12" coveredmethods="12"/>
      <line num="1" count="8" type="stmt"/>
      <line num="2" count="8" type="stmt"/>
      <line num="3" count="8" type="stmt"/>
      <line num="7" count="31" type="stmt"/>
      <line num="8" count="31" type="stmt"/>
      <line num="9" count="31" type="stmt"/>
      <line num="10" count="31" type="stmt"/>
      <line num="14" count="121" type="cond" truecount="2" falsecount="0"/>
      <line num="15" count="23" type="stmt"/>
      <line num="18" count="98" type="stmt"/>
      <line num="22" count="18" type="cond" truecount="2" falsecount="0"/>
      <line num="23" count="1" type="stmt"/>
      <line num="26" count="17" type="cond" truecount="2" falsecount="0"/>
      <line num="27" count="1" type="stmt"/>
      <line num="32" count="16" type="stmt"/>
      <line num="36" count="32" type="cond" truecount="2" falsecount="0"/>
      <line num="37" count="1" type="stmt"/>
      <line num="40" count="31" type="stmt"/>
      <line num="44" count="96" type="cond" truecount="2" falsecount="0"/>
      <line num="45" count="1" type="stmt"/>
      <line num="48" count="95" type="cond" truecount="2" falsecount="0"/>
      <line num="49" count="1" type="stmt"/>
      <line num="52" count="94" type="stmt"/>
      <line num="54" count="94" type="stmt"/>
      <line num="64" count="33" type="stmt"/>
      <line num="65" count="33" type="stmt"/>
      <line num="66" count="33" type="stmt"/>
      <line num="68" count="33" type="stmt"/>
      <line num="71" count="15" type="stmt"/>
      <line num="72" count="15" type="stmt"/>
      <line num="74" count="15" type="stmt"/>
      <line num="76" count="15" type="cond" truecount="2" falsecount="0"/>
      <line num="80" count="6" type="stmt"/>
      <line num="83" count="15" type="stmt"/>
      <line num="88" count="15" type="stmt"/>
      <line num="92" count="10" type="stmt"/>
      <line num="94" count="15" type="stmt"/>
      <line num="96" count="15" type="stmt"/>
      <line num="103" count="15" type="stmt"/>
      <line num="106" count="33" type="stmt"/>
      <line num="110" count="33" type="stmt"/>
      <line num="111" count="33" type="stmt"/>
      <line num="112" count="33" type="stmt"/>
      <line num="114" count="33" type="stmt"/>
      <line num="117" count="15" type="stmt"/>
      <line num="118" count="15" type="stmt"/>
      <line num="119" count="15" type="stmt"/>
      <line num="121" count="15" type="cond" truecount="2" falsecount="0"/>
      <line num="125" count="6" type="stmt"/>
      <line num="129" count="15" type="stmt"/>
      <line num="133" count="10" type="stmt"/>
      <line num="134" count="15" type="stmt"/>
      <line num="138" count="15" type="stmt"/>
      <line num="140" count="15" type="stmt"/>
      <line num="147" count="15" type="stmt"/>
      <line num="150" count="33" type="stmt"/>
      <line num="154" count="33" type="stmt"/>
      <line num="155" count="33" type="stmt"/>
      <line num="156" count="33" type="stmt"/>
      <line num="158" count="33" type="stmt"/>
      <line num="161" count="15" type="stmt"/>
      <line num="164" count="11" type="stmt"/>
      <line num="165" count="11" type="stmt"/>
      <line num="166" count="11" type="stmt"/>
      <line num="168" count="11" type="cond" truecount="2" falsecount="0"/>
      <line num="172" count="4" type="stmt"/>
      <line num="175" count="11" type="stmt"/>
      <line num="178" count="11" type="stmt"/>
      <line num="182" count="11" type="stmt"/>
      <line num="184" count="11" type="stmt"/>
      <line num="191" count="11" type="stmt"/>
      <line num="195" count="33" type="stmt"/>
      <line num="199" count="1" type="stmt"/>
      <line num="200" count="1" type="stmt"/>
      <line num="201" count="9" type="stmt"/>
      <line num="202" count="9" type="stmt"/>
      <line num="203" count="16" type="stmt"/>
      <line num="208" count="1" type="stmt"/>
      <line num="212" count="1" type="stmt"/>
      <line num="213" count="1" type="stmt"/>
      <line num="216" count="1" type="stmt"/>
      <line num="220" count="1" type="stmt"/>
      <line num="225" count="1" type="stmt"/>
      <line num="226" count="1" type="stmt"/>
      <line num="227" count="1" type="stmt"/>
      <line num="229" count="1" type="stmt"/>
      <line num="231" count="1" type="stmt"/>
      <line num="232" count="31" type="stmt"/>
      <line num="234" count="31" type="stmt"/>
      <line num="240" count="31" type="stmt"/>
      <line num="242" count="31" type="stmt"/>
      <line num="248" count="31" type="stmt"/>
      <line num="250" count="31" type="stmt"/>
      <line num="256" count="31" type="stmt"/>
      <line num="259" count="1" type="stmt"/>
      <line num="263" count="8" type="stmt"/>
    </file>
    <file name="set.js" path="C:\Users\pavel\Desktop\fsm-website\AllenAlgebraWebsite\logic\src\set.js">
      <metrics statements="9" coveredstatements="9" conditionals="0" coveredconditionals="0" methods="7" coveredmethods="7"/>
      <line num="1" count="9" type="stmt"/>
      <line num="5" count="98" type="stmt"/>
      <line num="9" count="150" type="stmt"/>
      <line num="13" count="1" type="stmt"/>
      <line num="17" count="69" type="stmt"/>
      <line num="21" count="26" type="stmt"/>
      <line num="25" count="1" type="stmt"/>
      <line num="29" count="22" type="stmt"/>
      <line num="33" count="9" type="stmt"/>
    </file>
    <file name="state.js" path="C:\Users\pavel\Desktop\fsm-website\AllenAlgebraWebsite\logic\src\state.js">
      <metrics statements="11" coveredstatements="11" conditionals="6" coveredconditionals="6" methods="2" coveredmethods="2"/>
      <line num="1" count="9" type="stmt"/>
      <line num="5" count="126" type="stmt"/>
      <line num="6" count="126" type="stmt"/>
      <line num="7" count="126" type="stmt"/>
      <line num="11" count="99" type="cond" truecount="2" falsecount="0"/>
      <line num="12" count="15" type="stmt"/>
      <line num="15" count="84" type="cond" truecount="4" falsecount="0"/>
      <line num="16" count="2" type="stmt"/>
      <line num="21" count="82" type="stmt"/>
      <line num="22" count="82" type="stmt"/>
      <line num="26" count="9" type="stmt"/>
    </file>
  </project>
</coverage>
