{"C:\\Users\\pavel\\Desktop\\AllenAlgebraWebsite\\logic\\src\\dict.js": {"path":"C:\\Users\\pavel\\Desktop\\AllenAlgebraWebsite\\logic\\src\\dict.js","statementMap":{"0":{"start":{"line":3,"column":4},"end":{"line":3,"column":25}},"1":{"start":{"line":7,"column":27},"end":{"line":7,"column":46}},"2":{"start":{"line":8,"column":4},"end":{"line":8,"column":40}},"3":{"start":{"line":12,"column":27},"end":{"line":12,"column":46}},"4":{"start":{"line":13,"column":4},"end":{"line":13,"column":40}},"5":{"start":{"line":17,"column":27},"end":{"line":17,"column":46}},"6":{"start":{"line":18,"column":4},"end":{"line":18,"column":40}},"7":{"start":{"line":22,"column":27},"end":{"line":22,"column":46}},"8":{"start":{"line":23,"column":4},"end":{"line":23,"column":43}},"9":{"start":{"line":27,"column":4},"end":{"line":27,"column":62}},"10":{"start":{"line":27,"column":45},"end":{"line":27,"column":60}},"11":{"start":{"line":31,"column":4},"end":{"line":31,"column":34}},"12":{"start":{"line":35,"column":4},"end":{"line":38,"column":7}},"13":{"start":{"line":35,"column":57},"end":{"line":38,"column":5}},"14":{"start":{"line":42,"column":4},"end":{"line":42,"column":21}},"15":{"start":{"line":46,"column":4},"end":{"line":46,"column":25}},"16":{"start":{"line":50,"column":0},"end":{"line":50,"column":26}}},"fnMap":{"0":{"name":"(anonymous_0)","decl":{"start":{"line":2,"column":2},"end":{"line":2,"column":3}},"loc":{"start":{"line":2,"column":16},"end":{"line":4,"column":3}},"line":2},"1":{"name":"(anonymous_1)","decl":{"start":{"line":6,"column":2},"end":{"line":6,"column":3}},"loc":{"start":{"line":6,"column":18},"end":{"line":9,"column":3}},"line":6},"2":{"name":"(anonymous_2)","decl":{"start":{"line":11,"column":2},"end":{"line":11,"column":3}},"loc":{"start":{"line":11,"column":11},"end":{"line":14,"column":3}},"line":11},"3":{"name":"(anonymous_3)","decl":{"start":{"line":16,"column":2},"end":{"line":16,"column":3}},"loc":{"start":{"line":16,"column":11},"end":{"line":19,"column":3}},"line":16},"4":{"name":"(anonymous_4)","decl":{"start":{"line":21,"column":2},"end":{"line":21,"column":3}},"loc":{"start":{"line":21,"column":14},"end":{"line":24,"column":3}},"line":21},"5":{"name":"(anonymous_5)","decl":{"start":{"line":26,"column":2},"end":{"line":26,"column":3}},"loc":{"start":{"line":26,"column":9},"end":{"line":28,"column":3}},"line":26},"6":{"name":"(anonymous_6)","decl":{"start":{"line":27,"column":36},"end":{"line":27,"column":37}},"loc":{"start":{"line":27,"column":45},"end":{"line":27,"column":60}},"line":27},"7":{"name":"(anonymous_7)","decl":{"start":{"line":30,"column":2},"end":{"line":30,"column":3}},"loc":{"start":{"line":30,"column":11},"end":{"line":32,"column":3}},"line":30},"8":{"name":"(anonymous_8)","decl":{"start":{"line":34,"column":2},"end":{"line":34,"column":3}},"loc":{"start":{"line":34,"column":12},"end":{"line":39,"column":3}},"line":34},"9":{"name":"(anonymous_9)","decl":{"start":{"line":35,"column":39},"end":{"line":35,"column":40}},"loc":{"start":{"line":35,"column":57},"end":{"line":38,"column":5}},"line":35},"10":{"name":"(anonymous_10)","decl":{"start":{"line":41,"column":2},"end":{"line":41,"column":3}},"loc":{"start":{"line":41,"column":10},"end":{"line":43,"column":3}},"line":41},"11":{"name":"(anonymous_11)","decl":{"start":{"line":45,"column":2},"end":{"line":45,"column":3}},"loc":{"start":{"line":45,"column":9},"end":{"line":47,"column":3}},"line":45}},"branchMap":{},"s":{"0":389,"1":425,"2":425,"3":467,"4":467,"5":532,"6":532,"7":2,"8":2,"9":58,"10":236,"11":43,"12":124,"13":74,"14":2,"15":40,"16":11},"f":{"0":389,"1":425,"2":467,"3":532,"4":2,"5":58,"6":236,"7":43,"8":124,"9":74,"10":2,"11":40},"b":{},"_coverageSchema":"1a1c01bbd47fc00a2c39e90264f33305004495a9","hash":"709d455f09c3d5c040a295906f92e2fc057c26a0"}
,"C:\\Users\\pavel\\Desktop\\AllenAlgebraWebsite\\logic\\src\\fsm.js": {"path":"C:\\Users\\pavel\\Desktop\\AllenAlgebraWebsite\\logic\\src\\fsm.js","statementMap":{"0":{"start":{"line":1,"column":14},"end":{"line":1,"column":35}},"1":{"start":{"line":2,"column":16},"end":{"line":2,"column":35}},"2":{"start":{"line":3,"column":17},"end":{"line":3,"column":37}},"3":{"start":{"line":7,"column":4},"end":{"line":7,"column":42}},"4":{"start":{"line":8,"column":4},"end":{"line":8,"column":40}},"5":{"start":{"line":9,"column":4},"end":{"line":9,"column":42}},"6":{"start":{"line":10,"column":4},"end":{"line":10,"column":34}},"7":{"start":{"line":14,"column":4},"end":{"line":16,"column":5}},"8":{"start":{"line":15,"column":6},"end":{"line":15,"column":13}},"9":{"start":{"line":18,"column":4},"end":{"line":18,"column":47}},"10":{"start":{"line":22,"column":4},"end":{"line":24,"column":5}},"11":{"start":{"line":23,"column":6},"end":{"line":23,"column":66}},"12":{"start":{"line":26,"column":4},"end":{"line":30,"column":5}},"13":{"start":{"line":27,"column":6},"end":{"line":29,"column":8}},"14":{"start":{"line":32,"column":4},"end":{"line":32,"column":37}},"15":{"start":{"line":36,"column":4},"end":{"line":38,"column":5}},"16":{"start":{"line":37,"column":6},"end":{"line":37,"column":55}},"17":{"start":{"line":40,"column":4},"end":{"line":40,"column":37}},"18":{"start":{"line":44,"column":4},"end":{"line":46,"column":5}},"19":{"start":{"line":45,"column":6},"end":{"line":45,"column":65}},"20":{"start":{"line":48,"column":4},"end":{"line":50,"column":5}},"21":{"start":{"line":49,"column":6},"end":{"line":49,"column":63}},"22":{"start":{"line":52,"column":4},"end":{"line":52,"column":30}},"23":{"start":{"line":54,"column":4},"end":{"line":60,"column":8}},"24":{"start":{"line":64,"column":30},"end":{"line":64,"column":50}},"25":{"start":{"line":65,"column":31},"end":{"line":65,"column":51}},"26":{"start":{"line":66,"column":27},"end":{"line":66,"column":29}},"27":{"start":{"line":68,"column":4},"end":{"line":104,"column":5}},"28":{"start":{"line":71,"column":28},"end":{"line":71,"column":65}},"29":{"start":{"line":72,"column":23},"end":{"line":72,"column":47}},"30":{"start":{"line":74,"column":6},"end":{"line":74,"column":39}},"31":{"start":{"line":76,"column":6},"end":{"line":81,"column":7}},"32":{"start":{"line":80,"column":8},"end":{"line":80,"column":49}},"33":{"start":{"line":83,"column":33},"end":{"line":85,"column":34}},"34":{"start":{"line":88,"column":8},"end":{"line":92,"column":37}},"35":{"start":{"line":92,"column":28},"end":{"line":92,"column":33}},"36":{"start":{"line":94,"column":29},"end":{"line":94,"column":69}},"37":{"start":{"line":96,"column":6},"end":{"line":101,"column":8}},"38":{"start":{"line":103,"column":6},"end":{"line":103,"column":41}},"39":{"start":{"line":106,"column":4},"end":{"line":106,"column":26}},"40":{"start":{"line":110,"column":30},"end":{"line":110,"column":50}},"41":{"start":{"line":111,"column":31},"end":{"line":111,"column":51}},"42":{"start":{"line":112,"column":27},"end":{"line":112,"column":29}},"43":{"start":{"line":114,"column":4},"end":{"line":148,"column":5}},"44":{"start":{"line":117,"column":28},"end":{"line":117,"column":64}},"45":{"start":{"line":118,"column":23},"end":{"line":118,"column":47}},"46":{"start":{"line":119,"column":6},"end":{"line":119,"column":39}},"47":{"start":{"line":121,"column":6},"end":{"line":126,"column":7}},"48":{"start":{"line":125,"column":8},"end":{"line":125,"column":49}},"49":{"start":{"line":129,"column":8},"end":{"line":133,"column":37}},"50":{"start":{"line":133,"column":28},"end":{"line":133,"column":33}},"51":{"start":{"line":134,"column":34},"end":{"line":136,"column":34}},"52":{"start":{"line":138,"column":29},"end":{"line":138,"column":69}},"53":{"start":{"line":140,"column":6},"end":{"line":145,"column":8}},"54":{"start":{"line":147,"column":6},"end":{"line":147,"column":41}},"55":{"start":{"line":150,"column":4},"end":{"line":150,"column":26}},"56":{"start":{"line":154,"column":30},"end":{"line":154,"column":50}},"57":{"start":{"line":155,"column":31},"end":{"line":155,"column":51}},"58":{"start":{"line":156,"column":27},"end":{"line":156,"column":29}},"59":{"start":{"line":158,"column":4},"end":{"line":193,"column":5}},"60":{"start":{"line":161,"column":6},"end":{"line":192,"column":7}},"61":{"start":{"line":164,"column":30},"end":{"line":164,"column":73}},"62":{"start":{"line":165,"column":25},"end":{"line":165,"column":49}},"63":{"start":{"line":166,"column":8},"end":{"line":166,"column":41}},"64":{"start":{"line":168,"column":8},"end":{"line":173,"column":9}},"65":{"start":{"line":172,"column":10},"end":{"line":172,"column":51}},"66":{"start":{"line":175,"column":35},"end":{"line":177,"column":40}},"67":{"start":{"line":178,"column":36},"end":{"line":180,"column":41}},"68":{"start":{"line":182,"column":31},"end":{"line":182,"column":71}},"69":{"start":{"line":184,"column":8},"end":{"line":189,"column":10}},"70":{"start":{"line":191,"column":8},"end":{"line":191,"column":43}},"71":{"start":{"line":195,"column":4},"end":{"line":195,"column":26}},"72":{"start":{"line":199,"column":17},"end":{"line":199,"column":19}},"73":{"start":{"line":200,"column":4},"end":{"line":207,"column":5}},"74":{"start":{"line":201,"column":6},"end":{"line":201,"column":42}},"75":{"start":{"line":202,"column":6},"end":{"line":206,"column":7}},"76":{"start":{"line":203,"column":8},"end":{"line":205,"column":50}},"77":{"start":{"line":208,"column":4},"end":{"line":208,"column":18}},"78":{"start":{"line":212,"column":26},"end":{"line":212,"column":35}},"79":{"start":{"line":213,"column":27},"end":{"line":215,"column":5}},"80":{"start":{"line":216,"column":28},"end":{"line":218,"column":5}},"81":{"start":{"line":220,"column":36},"end":{"line":223,"column":5}},"82":{"start":{"line":225,"column":31},"end":{"line":225,"column":65}},"83":{"start":{"line":226,"column":4},"end":{"line":226,"column":47}},"84":{"start":{"line":227,"column":4},"end":{"line":227,"column":55}},"85":{"start":{"line":229,"column":28},"end":{"line":229,"column":53}},"86":{"start":{"line":231,"column":4},"end":{"line":257,"column":5}},"87":{"start":{"line":232,"column":32},"end":{"line":232,"column":53}},"88":{"start":{"line":234,"column":31},"end":{"line":238,"column":7}},"89":{"start":{"line":240,"column":6},"end":{"line":240,"column":48}},"90":{"start":{"line":242,"column":32},"end":{"line":246,"column":7}},"91":{"start":{"line":248,"column":6},"end":{"line":248,"column":49}},"92":{"start":{"line":250,"column":42},"end":{"line":254,"column":7}},"93":{"start":{"line":256,"column":6},"end":{"line":256,"column":59}},"94":{"start":{"line":259,"column":4},"end":{"line":259,"column":25}},"95":{"start":{"line":263,"column":0},"end":{"line":263,"column":21}}},"fnMap":{"0":{"name":"(anonymous_0)","decl":{"start":{"line":6,"column":2},"end":{"line":6,"column":3}},"loc":{"start":{"line":6,"column":16},"end":{"line":11,"column":3}},"line":6},"1":{"name":"(anonymous_1)","decl":{"start":{"line":13,"column":2},"end":{"line":13,"column":3}},"loc":{"start":{"line":13,"column":18},"end":{"line":19,"column":3}},"line":13},"2":{"name":"(anonymous_2)","decl":{"start":{"line":21,"column":2},"end":{"line":21,"column":3}},"loc":{"start":{"line":21,"column":21},"end":{"line":33,"column":3}},"line":21},"3":{"name":"(anonymous_3)","decl":{"start":{"line":35,"column":2},"end":{"line":35,"column":3}},"loc":{"start":{"line":35,"column":21},"end":{"line":41,"column":3}},"line":35},"4":{"name":"(anonymous_4)","decl":{"start":{"line":43,"column":2},"end":{"line":43,"column":3}},"loc":{"start":{"line":43,"column":69},"end":{"line":61,"column":3}},"line":43},"5":{"name":"(anonymous_5)","decl":{"start":{"line":63,"column":2},"end":{"line":63,"column":3}},"loc":{"start":{"line":63,"column":73},"end":{"line":107,"column":3}},"line":63},"6":{"name":"(anonymous_6)","decl":{"start":{"line":92,"column":18},"end":{"line":92,"column":19}},"loc":{"start":{"line":92,"column":28},"end":{"line":92,"column":33}},"line":92},"7":{"name":"(anonymous_7)","decl":{"start":{"line":109,"column":2},"end":{"line":109,"column":3}},"loc":{"start":{"line":109,"column":74},"end":{"line":151,"column":3}},"line":109},"8":{"name":"(anonymous_8)","decl":{"start":{"line":133,"column":18},"end":{"line":133,"column":19}},"loc":{"start":{"line":133,"column":28},"end":{"line":133,"column":33}},"line":133},"9":{"name":"(anonymous_9)","decl":{"start":{"line":153,"column":2},"end":{"line":153,"column":3}},"loc":{"start":{"line":153,"column":74},"end":{"line":196,"column":3}},"line":153},"10":{"name":"(anonymous_10)","decl":{"start":{"line":198,"column":2},"end":{"line":198,"column":3}},"loc":{"start":{"line":198,"column":34},"end":{"line":209,"column":3}},"line":198},"11":{"name":"(anonymous_11)","decl":{"start":{"line":211,"column":2},"end":{"line":211,"column":3}},"loc":{"start":{"line":211,"column":22},"end":{"line":260,"column":3}},"line":211}},"branchMap":{"0":{"loc":{"start":{"line":14,"column":4},"end":{"line":16,"column":5}},"type":"if","locations":[{"start":{"line":14,"column":4},"end":{"line":16,"column":5}},{"start":{},"end":{}}],"line":14},"1":{"loc":{"start":{"line":22,"column":4},"end":{"line":24,"column":5}},"type":"if","locations":[{"start":{"line":22,"column":4},"end":{"line":24,"column":5}},{"start":{},"end":{}}],"line":22},"2":{"loc":{"start":{"line":26,"column":4},"end":{"line":30,"column":5}},"type":"if","locations":[{"start":{"line":26,"column":4},"end":{"line":30,"column":5}},{"start":{},"end":{}}],"line":26},"3":{"loc":{"start":{"line":36,"column":4},"end":{"line":38,"column":5}},"type":"if","locations":[{"start":{"line":36,"column":4},"end":{"line":38,"column":5}},{"start":{},"end":{}}],"line":36},"4":{"loc":{"start":{"line":44,"column":4},"end":{"line":46,"column":5}},"type":"if","locations":[{"start":{"line":44,"column":4},"end":{"line":46,"column":5}},{"start":{},"end":{}}],"line":44},"5":{"loc":{"start":{"line":48,"column":4},"end":{"line":50,"column":5}},"type":"if","locations":[{"start":{"line":48,"column":4},"end":{"line":50,"column":5}},{"start":{},"end":{}}],"line":48},"6":{"loc":{"start":{"line":76,"column":6},"end":{"line":81,"column":7}},"type":"if","locations":[{"start":{"line":76,"column":6},"end":{"line":81,"column":7}},{"start":{},"end":{}}],"line":76},"7":{"loc":{"start":{"line":77,"column":8},"end":{"line":78,"column":57}},"type":"binary-expr","locations":[{"start":{"line":77,"column":8},"end":{"line":77,"column":50}},{"start":{"line":78,"column":8},"end":{"line":78,"column":57}}],"line":77},"8":{"loc":{"start":{"line":121,"column":6},"end":{"line":126,"column":7}},"type":"if","locations":[{"start":{"line":121,"column":6},"end":{"line":126,"column":7}},{"start":{},"end":{}}],"line":121},"9":{"loc":{"start":{"line":122,"column":8},"end":{"line":123,"column":54}},"type":"binary-expr","locations":[{"start":{"line":122,"column":8},"end":{"line":122,"column":52}},{"start":{"line":123,"column":8},"end":{"line":123,"column":54}}],"line":122},"10":{"loc":{"start":{"line":168,"column":8},"end":{"line":173,"column":9}},"type":"if","locations":[{"start":{"line":168,"column":8},"end":{"line":173,"column":9}},{"start":{},"end":{}}],"line":168},"11":{"loc":{"start":{"line":169,"column":10},"end":{"line":170,"column":61}},"type":"binary-expr","locations":[{"start":{"line":169,"column":10},"end":{"line":169,"column":56}},{"start":{"line":170,"column":10},"end":{"line":170,"column":61}}],"line":169}},"s":{"0":8,"1":8,"2":8,"3":31,"4":31,"5":31,"6":31,"7":121,"8":23,"9":98,"10":18,"11":1,"12":17,"13":1,"14":16,"15":32,"16":1,"17":31,"18":96,"19":1,"20":95,"21":1,"22":94,"23":94,"24":33,"25":33,"26":33,"27":33,"28":15,"29":15,"30":15,"31":15,"32":6,"33":15,"34":15,"35":10,"36":15,"37":15,"38":15,"39":33,"40":33,"41":33,"42":33,"43":33,"44":15,"45":15,"46":15,"47":15,"48":6,"49":15,"50":10,"51":15,"52":15,"53":15,"54":15,"55":33,"56":33,"57":33,"58":33,"59":33,"60":15,"61":11,"62":11,"63":11,"64":11,"65":4,"66":11,"67":11,"68":11,"69":11,"70":11,"71":33,"72":1,"73":1,"74":9,"75":9,"76":16,"77":1,"78":1,"79":1,"80":1,"81":1,"82":1,"83":1,"84":1,"85":1,"86":1,"87":31,"88":31,"89":31,"90":31,"91":31,"92":31,"93":31,"94":1,"95":8},"f":{"0":31,"1":121,"2":18,"3":32,"4":96,"5":33,"6":10,"7":33,"8":10,"9":33,"10":1,"11":1},"b":{"0":[23,98],"1":[1,17],"2":[1,16],"3":[1,31],"4":[1,95],"5":[1,94],"6":[6,9],"7":[15,10],"8":[6,9],"9":[15,7],"10":[4,7],"11":[11,5]},"_coverageSchema":"1a1c01bbd47fc00a2c39e90264f33305004495a9","hash":"b020b3d8ab10bb77d3a11a87f855062efa43c59f"}
,"C:\\Users\\pavel\\Desktop\\AllenAlgebraWebsite\\logic\\src\\set.js": {"path":"C:\\Users\\pavel\\Desktop\\AllenAlgebraWebsite\\logic\\src\\set.js","statementMap":{"0":{"start":{"line":1,"column":13},"end":{"line":1,"column":33}},"1":{"start":{"line":5,"column":4},"end":{"line":5,"column":33}},"2":{"start":{"line":9,"column":4},"end":{"line":9,"column":38}},"3":{"start":{"line":13,"column":4},"end":{"line":13,"column":41}},"4":{"start":{"line":17,"column":4},"end":{"line":17,"column":38}},"5":{"start":{"line":21,"column":4},"end":{"line":21,"column":34}},"6":{"start":{"line":25,"column":4},"end":{"line":25,"column":28}},"7":{"start":{"line":29,"column":4},"end":{"line":29,"column":34}},"8":{"start":{"line":33,"column":0},"end":{"line":33,"column":25}}},"fnMap":{"0":{"name":"(anonymous_0)","decl":{"start":{"line":4,"column":2},"end":{"line":4,"column":3}},"loc":{"start":{"line":4,"column":16},"end":{"line":6,"column":3}},"line":4},"1":{"name":"(anonymous_1)","decl":{"start":{"line":8,"column":2},"end":{"line":8,"column":3}},"loc":{"start":{"line":8,"column":13},"end":{"line":10,"column":3}},"line":8},"2":{"name":"(anonymous_2)","decl":{"start":{"line":12,"column":2},"end":{"line":12,"column":3}},"loc":{"start":{"line":12,"column":16},"end":{"line":14,"column":3}},"line":12},"3":{"name":"(anonymous_3)","decl":{"start":{"line":16,"column":2},"end":{"line":16,"column":3}},"loc":{"start":{"line":16,"column":13},"end":{"line":18,"column":3}},"line":16},"4":{"name":"(anonymous_4)","decl":{"start":{"line":20,"column":2},"end":{"line":20,"column":3}},"loc":{"start":{"line":20,"column":11},"end":{"line":22,"column":3}},"line":20},"5":{"name":"(anonymous_5)","decl":{"start":{"line":24,"column":2},"end":{"line":24,"column":3}},"loc":{"start":{"line":24,"column":10},"end":{"line":26,"column":3}},"line":24},"6":{"name":"(anonymous_6)","decl":{"start":{"line":28,"column":2},"end":{"line":28,"column":3}},"loc":{"start":{"line":28,"column":9},"end":{"line":30,"column":3}},"line":28}},"branchMap":{},"s":{"0":9,"1":98,"2":150,"3":1,"4":69,"5":26,"6":1,"7":22,"8":9},"f":{"0":98,"1":150,"2":1,"3":69,"4":26,"5":1,"6":22},"b":{},"_coverageSchema":"1a1c01bbd47fc00a2c39e90264f33305004495a9","hash":"f7d023ae56ef49f6bf78666b2414f5b71bd0cba6"}
,"C:\\Users\\pavel\\Desktop\\AllenAlgebraWebsite\\logic\\src\\state.js": {"path":"C:\\Users\\pavel\\Desktop\\AllenAlgebraWebsite\\logic\\src\\state.js","statementMap":{"0":{"start":{"line":1,"column":17},"end":{"line":1,"column":37}},"1":{"start":{"line":5,"column":4},"end":{"line":5,"column":23}},"2":{"start":{"line":6,"column":4},"end":{"line":6,"column":38}},"3":{"start":{"line":7,"column":4},"end":{"line":7,"column":40}},"4":{"start":{"line":11,"column":4},"end":{"line":13,"column":5}},"5":{"start":{"line":12,"column":6},"end":{"line":12,"column":13}},"6":{"start":{"line":15,"column":4},"end":{"line":19,"column":5}},"7":{"start":{"line":16,"column":6},"end":{"line":18,"column":8}},"8":{"start":{"line":21,"column":4},"end":{"line":21,"column":44}},"9":{"start":{"line":22,"column":4},"end":{"line":22,"column":48}},"10":{"start":{"line":26,"column":0},"end":{"line":26,"column":23}}},"fnMap":{"0":{"name":"(anonymous_0)","decl":{"start":{"line":4,"column":2},"end":{"line":4,"column":3}},"loc":{"start":{"line":4,"column":21},"end":{"line":8,"column":3}},"line":4},"1":{"name":"(anonymous_1)","decl":{"start":{"line":10,"column":2},"end":{"line":10,"column":3}},"loc":{"start":{"line":10,"column":48},"end":{"line":23,"column":3}},"line":10}},"branchMap":{"0":{"loc":{"start":{"line":11,"column":4},"end":{"line":13,"column":5}},"type":"if","locations":[{"start":{"line":11,"column":4},"end":{"line":13,"column":5}},{"start":{},"end":{}}],"line":11},"1":{"loc":{"start":{"line":15,"column":4},"end":{"line":19,"column":5}},"type":"if","locations":[{"start":{"line":15,"column":4},"end":{"line":19,"column":5}},{"start":{},"end":{}}],"line":15},"2":{"loc":{"start":{"line":15,"column":8},"end":{"line":15,"column":42}},"type":"binary-expr","locations":[{"start":{"line":15,"column":8},"end":{"line":15,"column":23}},{"start":{"line":15,"column":27},"end":{"line":15,"column":42}}],"line":15}},"s":{"0":9,"1":126,"2":126,"3":126,"4":99,"5":15,"6":84,"7":2,"8":82,"9":82,"10":9},"f":{"0":126,"1":99},"b":{"0":[15,84],"1":[2,82],"2":[84,83]},"_coverageSchema":"1a1c01bbd47fc00a2c39e90264f33305004495a9","hash":"30ac071afeb7686cc060dd9c9b00d6a4a89b9948"}
}
