TN:
SF:src\dict.js
FN:2,(anonymous_0)
FN:6,(anonymous_1)
FN:11,(anonymous_2)
FN:16,(anonymous_3)
FN:21,(anonymous_4)
FN:26,(anonymous_5)
FN:27,(anonymous_6)
FN:30,(anonymous_7)
FN:34,(anonymous_8)
FN:35,(anonymous_9)
FN:41,(anonymous_10)
FN:45,(anonymous_11)
FNF:12
FNH:12
FNDA:389,(anonymous_0)
FNDA:425,(anonymous_1)
FNDA:467,(anonymous_2)
FNDA:532,(anonymous_3)
FNDA:2,(anonymous_4)
FNDA:58,(anonymous_5)
FNDA:236,(anonymous_6)
FNDA:43,(anonymous_7)
FNDA:124,(anonymous_8)
FNDA:74,(anonymous_9)
FNDA:2,(anonymous_10)
FNDA:40,(anonymous_11)
DA:3,389
DA:7,425
DA:8,425
DA:12,467
DA:13,467
DA:17,532
DA:18,532
DA:22,2
DA:23,2
DA:27,236
DA:31,43
DA:35,124
DA:42,2
DA:46,40
DA:50,11
LF:15
LH:15
BRF:0
BRH:0
end_of_record
TN:
SF:src\fsm.js
FN:6,(anonymous_0)
FN:13,(anonymous_1)
FN:21,(anonymous_2)
FN:35,(anonymous_3)
FN:43,(anonymous_4)
FN:63,(anonymous_5)
FN:92,(anonymous_6)
FN:109,(anonymous_7)
FN:133,(anonymous_8)
FN:153,(anonymous_9)
FN:198,(anonymous_10)
FN:211,(anonymous_11)
FNF:12
FNH:12
FNDA:31,(anonymous_0)
FNDA:121,(anonymous_1)
FNDA:18,(anonymous_2)
FNDA:32,(anonymous_3)
FNDA:96,(anonymous_4)
FNDA:33,(anonymous_5)
FNDA:10,(anonymous_6)
FNDA:33,(anonymous_7)
FNDA:10,(anonymous_8)
FNDA:33,(anonymous_9)
FNDA:1,(anonymous_10)
FNDA:1,(anonymous_11)
DA:1,8
DA:2,8
DA:3,8
DA:7,31
DA:8,31
DA:9,31
DA:10,31
DA:14,121
DA:15,23
DA:18,98
DA:22,18
DA:23,1
DA:26,17
DA:27,1
DA:32,16
DA:36,32
DA:37,1
DA:40,31
DA:44,96
DA:45,1
DA:48,95
DA:49,1
DA:52,94
DA:54,94
DA:64,33
DA:65,33
DA:66,33
DA:68,33
DA:71,15
DA:72,15
DA:74,15
DA:76,15
DA:80,6
DA:83,15
DA:88,15
DA:92,10
DA:94,15
DA:96,15
DA:103,15
DA:106,33
DA:110,33
DA:111,33
DA:112,33
DA:114,33
DA:117,15
DA:118,15
DA:119,15
DA:121,15
DA:125,6
DA:129,15
DA:133,10
DA:134,15
DA:138,15
DA:140,15
DA:147,15
DA:150,33
DA:154,33
DA:155,33
DA:156,33
DA:158,33
DA:161,15
DA:164,11
DA:165,11
DA:166,11
DA:168,11
DA:172,4
DA:175,11
DA:178,11
DA:182,11
DA:184,11
DA:191,11
DA:195,33
DA:199,1
DA:200,1
DA:201,9
DA:202,9
DA:203,16
DA:208,1
DA:212,1
DA:213,1
DA:216,1
DA:220,1
DA:225,1
DA:226,1
DA:227,1
DA:229,1
DA:231,1
DA:232,31
DA:234,31
DA:240,31
DA:242,31
DA:248,31
DA:250,31
DA:256,31
DA:259,1
DA:263,8
LF:96
LH:96
BRDA:14,0,0,23
BRDA:14,0,1,98
BRDA:22,1,0,1
BRDA:22,1,1,17
BRDA:26,2,0,1
BRDA:26,2,1,16
BRDA:36,3,0,1
BRDA:36,3,1,31
BRDA:44,4,0,1
BRDA:44,4,1,95
BRDA:48,5,0,1
BRDA:48,5,1,94
BRDA:76,6,0,6
BRDA:76,6,1,9
BRDA:77,7,0,15
BRDA:77,7,1,10
BRDA:121,8,0,6
BRDA:121,8,1,9
BRDA:122,9,0,15
BRDA:122,9,1,7
BRDA:168,10,0,4
BRDA:168,10,1,7
BRDA:169,11,0,11
BRDA:169,11,1,5
BRF:24
BRH:24
end_of_record
TN:
SF:src\set.js
FN:4,(anonymous_0)
FN:8,(anonymous_1)
FN:12,(anonymous_2)
FN:16,(anonymous_3)
FN:20,(anonymous_4)
FN:24,(anonymous_5)
FN:28,(anonymous_6)
FNF:7
FNH:7
FNDA:98,(anonymous_0)
FNDA:150,(anonymous_1)
FNDA:1,(anonymous_2)
FNDA:69,(anonymous_3)
FNDA:26,(anonymous_4)
FNDA:1,(anonymous_5)
FNDA:22,(anonymous_6)
DA:1,9
DA:5,98
DA:9,150
DA:13,1
DA:17,69
DA:21,26
DA:25,1
DA:29,22
DA:33,9
LF:9
LH:9
BRF:0
BRH:0
end_of_record
TN:
SF:src\state.js
FN:4,(anonymous_0)
FN:10,(anonymous_1)
FNF:2
FNH:2
FNDA:126,(anonymous_0)
FNDA:99,(anonymous_1)
DA:1,9
DA:5,126
DA:6,126
DA:7,126
DA:11,99
DA:12,15
DA:15,84
DA:16,2
DA:21,82
DA:22,82
DA:26,9
LF:11
LH:11
BRDA:11,0,0,15
BRDA:11,0,1,84
BRDA:15,1,0,2
BRDA:15,1,1,82
BRDA:15,2,0,84
BRDA:15,2,1,83
BRF:6
BRH:6
end_of_record
